#-----------------------------------------------------------
# Vivado v2016.4 (64-bit)
# SW Build 1756540 on Mon Jan 23 19:11:23 MST 2017
# IP Build 1755317 on Mon Jan 23 20:30:07 MST 2017
# Start of session at: Thu Jun 13 16:40:32 2019
# Process ID: 5072
# Current directory: C:/Users/umram-bt/Documents/rdf0195-vc707-bist-c-2015-1/vc707_bist
# Command line: vivado.exe -gui_launcher_event rodinguilauncherevent7904 C:\Users\umram-bt\Documents\rdf0195-vc707-bist-c-2015-1\vc707_bist\vc707_bist.xpr
# Log file: C:/Users/umram-bt/Documents/rdf0195-vc707-bist-c-2015-1/vc707_bist/vivado.log
# Journal file: C:/Users/umram-bt/Documents/rdf0195-vc707-bist-c-2015-1/vc707_bist\vivado.jou
#-----------------------------------------------------------
start_gui
open_project C:/Users/umram-bt/Documents/rdf0195-vc707-bist-c-2015-1/vc707_bist/vc707_bist.xpr
Scanning sources...
Finished scanning sources
INFO: [IP_Flow 19-234] Refreshing IP repositories
INFO: [IP_Flow 19-1700] Loaded user IP repository 'c:/Users/umram-bt/Documents/rdf0195-vc707-bist-c-2015-1/vc707_bist/gtxe2_top_v1_00_a'.
INFO: [IP_Flow 19-2313] Loaded Vivado IP repository 'C:/Xilinx/Vivado/2016.4/data/ip'.
open_project: Time (s): cpu = 00:00:32 ; elapsed = 00:00:46 . Memory (MB): peak = 878.250 ; gain = 275.094
set_property flow {Vivado Synthesis 2016} [get_runs synth_1]
create_run synth_2 -flow {Vivado Synthesis 2016} -strategy {Vivado Synthesis Defaults}
Run is defaulting to srcset: sources_1
Run is defaulting to constrset: constrs_1
Run is defaulting to part: xc7vx485tffg1761-2
current_run [get_runs synth_2]
set_property target_language VHDL [current_project]
make_wrapper -files [get_files C:/Users/umram-bt/Documents/rdf0195-vc707-bist-c-2015-1/vc707_bist/vc707_bist.srcs/sources_1/bd/system/system.bd] -top
Adding cell -- xilinx.com:user:gtxe2_top:1.0 - gtxe2_top_0
Adding cell -- xilinx.com:ip:axi_bram_ctrl:4.0 - axi_bram_ctrl_0
Adding cell -- xilinx.com:ip:blk_mem_gen:8.3 - axi_bram_ctrl_0_bram
Adding cell -- xilinx.com:ip:axi_emc:3.0 - axi_emc_0
Adding cell -- xilinx.com:ip:axi_ethernet:7.0 - axi_ethernet_0
Adding cell -- xilinx.com:ip:axi_dma:7.1 - axi_ethernet_0_dma
Adding cell -- xilinx.com:ip:clk_wiz:5.3 - axi_ethernet_0_refclk
Adding cell -- xilinx.com:ip:axi_gpio:2.0 - axi_gpio_0
Adding cell -- xilinx.com:ip:axi_gpio:2.0 - axi_gpio_1
Adding cell -- xilinx.com:ip:axi_gpio:2.0 - axi_gpio_2
Adding cell -- xilinx.com:ip:axi_gpio:2.0 - axi_gpio_3
Adding cell -- xilinx.com:ip:axi_gpio:2.0 - axi_gpio_4
Adding cell -- xilinx.com:ip:axi_iic:2.0 - axi_iic_0
Adding cell -- xilinx.com:ip:axi_timer:2.0 - axi_timer_0
Adding cell -- xilinx.com:ip:axi_uart16550:2.0 - axi_uart16550_0
Adding cell -- xilinx.com:ip:axi_usb2_device:5.0 - axi_usb2_device_0
Adding cell -- xilinx.com:ip:mdm:3.2 - mdm_1
Adding cell -- xilinx.com:ip:microblaze:10.0 - microblaze_0
Adding cell -- xilinx.com:ip:axi_intc:4.1 - microblaze_0_axi_intc
Adding cell -- xilinx.com:ip:xlconcat:2.1 - microblaze_0_xlconcat
Adding cell -- xilinx.com:ip:mig_7series:4.0 - mig_7series_0
Adding cell -- xilinx.com:ip:proc_sys_reset:5.0 - rst_mig_7series_0_100M
Adding cell -- xilinx.com:ip:proc_sys_reset:5.0 - rst_mig_7series_0_200M
Adding cell -- xilinx.com:ip:xadc_wiz:3.3 - xadc_wiz_0
Adding cell -- xilinx.com:ip:xlconstant:1.1 - xlconstant_0
Adding cell -- xilinx.com:ip:xlconstant:1.1 - xlconstant_1
WARNING: [BD 41-1731] Type mismatch between connected pins: /mig_7series_0/init_calib_complete(undef) and /rst_mig_7series_0_100M/aux_reset_in(rst)
WARNING: [BD 41-1731] Type mismatch between connected pins: /mig_7series_0/init_calib_complete(undef) and /rst_mig_7series_0_200M/aux_reset_in(rst)
Adding cell -- xilinx.com:ip:axi_crossbar:2.1 - xbar
Adding cell -- xilinx.com:ip:axi_protocol_converter:2.1 - auto_pc
Adding cell -- xilinx.com:ip:axi_protocol_converter:2.1 - auto_pc
Adding cell -- xilinx.com:ip:axi_crossbar:2.1 - xbar
Adding cell -- xilinx.com:ip:axi_clock_converter:2.1 - auto_cc
Adding cell -- xilinx.com:ip:axi_dwidth_converter:2.1 - auto_ds
Adding cell -- xilinx.com:ip:axi_dwidth_converter:2.1 - auto_us
Adding cell -- xilinx.com:ip:axi_dwidth_converter:2.1 - auto_us
Adding cell -- xilinx.com:ip:axi_dwidth_converter:2.1 - auto_us
Adding cell -- xilinx.com:ip:axi_dwidth_converter:2.1 - auto_us
Adding cell -- xilinx.com:ip:axi_dwidth_converter:2.1 - auto_us
Adding cell -- xilinx.com:ip:lmb_bram_if_cntlr:4.0 - dlmb_bram_if_cntlr
Adding cell -- xilinx.com:ip:lmb_v10:3.0 - dlmb_v10
Adding cell -- xilinx.com:ip:lmb_bram_if_cntlr:4.0 - ilmb_bram_if_cntlr
Adding cell -- xilinx.com:ip:lmb_v10:3.0 - ilmb_v10
Adding cell -- xilinx.com:ip:blk_mem_gen:8.3 - lmb_bram
Successfully read diagram <system> from BD file <C:/Users/umram-bt/Documents/rdf0195-vc707-bist-c-2015-1/vc707_bist/vc707_bist.srcs/sources_1/bd/system/system.bd>
WARNING: [BD 41-1731] Type mismatch between connected pins: /gt0_qplloutclk_out(clk) and /pcs_pma/gt0_qplloutclk_out(undef)
WARNING: [BD 41-1731] Type mismatch between connected pins: /gt0_qplloutrefclk_out(clk) and /pcs_pma/gt0_qplloutrefclk_out(undef)
INFO: [BD 41-1662] The design 'system.bd' is already validated. Therefore parameter propagation will not be re-run.
WARNING: [BD 41-235] Width mismatch when connecting pin: '/axi_bram_ctrl_0_bram/addra'(32) to net 'axi_bram_ctrl_0_BRAM_PORTA_ADDR'(20) - Only lower order bits will be connected.
WARNING: [BD 41-235] Width mismatch when connecting pin: '/axi_bram_ctrl_0_bram/addrb'(32) to net 'axi_bram_ctrl_0_BRAM_PORTB_ADDR'(20) - Only lower order bits will be connected.
VHDL Output written to : C:/Users/umram-bt/Documents/rdf0195-vc707-bist-c-2015-1/vc707_bist/vc707_bist.srcs/sources_1/bd/system/hdl/system.vhd
VHDL Output written to : C:/Users/umram-bt/Documents/rdf0195-vc707-bist-c-2015-1/vc707_bist/vc707_bist.srcs/sources_1/bd/system/hdl/system_wrapper.vhd
make_wrapper: Time (s): cpu = 00:00:08 ; elapsed = 00:00:13 . Memory (MB): peak = 966.125 ; gain = 68.590
add_files -norecurse C:/Users/umram-bt/Documents/rdf0195-vc707-bist-c-2015-1/vc707_bist/vc707_bist.srcs/sources_1/bd/system/hdl/system_wrapper.vhd
open_bd_design {C:/Users/umram-bt/Documents/rdf0195-vc707-bist-c-2015-1/vc707_bist/vc707_bist.srcs/sources_1/bd/system/system.bd}
Adding cell -- xilinx.com:user:gtxe2_top:1.0 - gtxe2_top_0
Adding cell -- xilinx.com:ip:axi_bram_ctrl:4.0 - axi_bram_ctrl_0
Adding cell -- xilinx.com:ip:blk_mem_gen:8.3 - axi_bram_ctrl_0_bram
Adding cell -- xilinx.com:ip:axi_emc:3.0 - axi_emc_0
Adding cell -- xilinx.com:ip:axi_ethernet:7.0 - axi_ethernet_0
Adding cell -- xilinx.com:ip:axi_dma:7.1 - axi_ethernet_0_dma
Adding cell -- xilinx.com:ip:clk_wiz:5.3 - axi_ethernet_0_refclk
Adding cell -- xilinx.com:ip:axi_gpio:2.0 - axi_gpio_0
Adding cell -- xilinx.com:ip:axi_gpio:2.0 - axi_gpio_1
Adding cell -- xilinx.com:ip:axi_gpio:2.0 - axi_gpio_2
Adding cell -- xilinx.com:ip:axi_gpio:2.0 - axi_gpio_3
Adding cell -- xilinx.com:ip:axi_gpio:2.0 - axi_gpio_4
Adding cell -- xilinx.com:ip:axi_iic:2.0 - axi_iic_0
Adding cell -- xilinx.com:ip:axi_timer:2.0 - axi_timer_0
Adding cell -- xilinx.com:ip:axi_uart16550:2.0 - axi_uart16550_0
Adding cell -- xilinx.com:ip:axi_usb2_device:5.0 - axi_usb2_device_0
Adding cell -- xilinx.com:ip:mdm:3.2 - mdm_1
Adding cell -- xilinx.com:ip:microblaze:10.0 - microblaze_0
Adding cell -- xilinx.com:ip:axi_intc:4.1 - microblaze_0_axi_intc
Adding cell -- xilinx.com:ip:xlconcat:2.1 - microblaze_0_xlconcat
Adding cell -- xilinx.com:ip:mig_7series:4.0 - mig_7series_0
Adding cell -- xilinx.com:ip:proc_sys_reset:5.0 - rst_mig_7series_0_100M
Adding cell -- xilinx.com:ip:proc_sys_reset:5.0 - rst_mig_7series_0_200M
Adding cell -- xilinx.com:ip:xadc_wiz:3.3 - xadc_wiz_0
Adding cell -- xilinx.com:ip:xlconstant:1.1 - xlconstant_0
Adding cell -- xilinx.com:ip:xlconstant:1.1 - xlconstant_1
WARNING: [BD 41-1731] Type mismatch between connected pins: /mig_7series_0/init_calib_complete(undef) and /rst_mig_7series_0_100M/aux_reset_in(rst)
WARNING: [BD 41-1731] Type mismatch between connected pins: /mig_7series_0/init_calib_complete(undef) and /rst_mig_7series_0_200M/aux_reset_in(rst)
Adding cell -- xilinx.com:ip:axi_crossbar:2.1 - xbar
Adding cell -- xilinx.com:ip:axi_protocol_converter:2.1 - auto_pc
Adding cell -- xilinx.com:ip:axi_protocol_converter:2.1 - auto_pc
Adding cell -- xilinx.com:ip:axi_crossbar:2.1 - xbar
Adding cell -- xilinx.com:ip:axi_clock_converter:2.1 - auto_cc
Adding cell -- xilinx.com:ip:axi_dwidth_converter:2.1 - auto_ds
Adding cell -- xilinx.com:ip:axi_dwidth_converter:2.1 - auto_us
Adding cell -- xilinx.com:ip:axi_dwidth_converter:2.1 - auto_us
Adding cell -- xilinx.com:ip:axi_dwidth_converter:2.1 - auto_us
Adding cell -- xilinx.com:ip:axi_dwidth_converter:2.1 - auto_us
Adding cell -- xilinx.com:ip:axi_dwidth_converter:2.1 - auto_us
Adding cell -- xilinx.com:ip:lmb_bram_if_cntlr:4.0 - dlmb_bram_if_cntlr
Adding cell -- xilinx.com:ip:lmb_v10:3.0 - dlmb_v10
Adding cell -- xilinx.com:ip:lmb_bram_if_cntlr:4.0 - ilmb_bram_if_cntlr
Adding cell -- xilinx.com:ip:lmb_v10:3.0 - ilmb_v10
Adding cell -- xilinx.com:ip:blk_mem_gen:8.3 - lmb_bram
Successfully read diagram <system> from BD file <C:/Users/umram-bt/Documents/rdf0195-vc707-bist-c-2015-1/vc707_bist/vc707_bist.srcs/sources_1/bd/system/system.bd>
open_bd_design: Time (s): cpu = 00:00:11 ; elapsed = 00:00:08 . Memory (MB): peak = 1038.281 ; gain = 38.828
INFO: [Vivado 12-4158] Exported Hardware file is out of date. Exported hardware information may be inconsistent with respect to the current state of the design. It is recommended that you re-export the design and launch SDK otherwise SDK is launched with out of date hardware system file.
launch_sdk -workspace C:/Users/umram-bt/Documents/rdf0195-vc707-bist-c-2015-1/vc707_bist/vc707_bist.sdk -hwspec C:/Users/umram-bt/Documents/rdf0195-vc707-bist-c-2015-1/vc707_bist/vc707_bist.sdk/system_wrapper.hdf
INFO: [Vivado 12-393] Launching SDK...
INFO: [Vivado 12-417] Running xsdk -workspace C:/Users/umram-bt/Documents/rdf0195-vc707-bist-c-2015-1/vc707_bist/vc707_bist.sdk -hwspec C:/Users/umram-bt/Documents/rdf0195-vc707-bist-c-2015-1/vc707_bist/vc707_bist.sdk/system_wrapper.hdf
INFO: [Vivado 12-3157] SDK launch initiated. Please check console for any further messages.
remove_files  C:/Users/umram-bt/Documents/rdf0195-vc707-bist-c-2015-1/vc707_bist/vc707_bist.srcs/sources_1/bd/system/hdl/system_wrapper.vhd
update_compile_order -fileset sources_1
update_compile_order -fileset sim_1
generate_target all [get_files  C:/Users/umram-bt/Documents/rdf0195-vc707-bist-c-2015-1/vc707_bist/vc707_bist.srcs/sources_1/bd/system/system.bd]
WARNING: [BD 41-1731] Type mismatch between connected pins: /gt0_qplloutclk_out(clk) and /pcs_pma/gt0_qplloutclk_out(undef)
WARNING: [BD 41-1731] Type mismatch between connected pins: /gt0_qplloutrefclk_out(clk) and /pcs_pma/gt0_qplloutrefclk_out(undef)
INFO: [BD 41-1662] The design 'system.bd' is already validated. Therefore parameter propagation will not be re-run.
WARNING: [BD 41-235] Width mismatch when connecting pin: '/axi_bram_ctrl_0_bram/addra'(32) to net 'axi_bram_ctrl_0_BRAM_PORTA_ADDR'(20) - Only lower order bits will be connected.
WARNING: [BD 41-235] Width mismatch when connecting pin: '/axi_bram_ctrl_0_bram/addrb'(32) to net 'axi_bram_ctrl_0_BRAM_PORTB_ADDR'(20) - Only lower order bits will be connected.
VHDL Output written to : C:/Users/umram-bt/Documents/rdf0195-vc707-bist-c-2015-1/vc707_bist/vc707_bist.srcs/sources_1/bd/system/hdl/system.vhd
VHDL Output written to : C:/Users/umram-bt/Documents/rdf0195-vc707-bist-c-2015-1/vc707_bist/vc707_bist.srcs/sources_1/bd/system/hdl/system_wrapper.vhd
INFO: [BD 41-1029] Generation completed for the IP Integrator block axi_emc_0 .
INFO: [BD 41-1029] Generation completed for the IP Integrator block axi_gpio_0 .
INFO: [BD 41-1029] Generation completed for the IP Integrator block axi_gpio_1 .
INFO: [BD 41-1029] Generation completed for the IP Integrator block axi_gpio_2 .
INFO: [BD 41-1029] Generation completed for the IP Integrator block axi_gpio_3 .
INFO: [BD 41-1029] Generation completed for the IP Integrator block axi_gpio_4 .
INFO: [BD 41-1029] Generation completed for the IP Integrator block axi_iic_0 .
INFO: [BD 41-1029] Generation completed for the IP Integrator block axi_timer_0 .
INFO: [BD 41-1029] Generation completed for the IP Integrator block axi_uart16550_0 .
INFO: [BD 41-1029] Generation completed for the IP Integrator block axi_usb2_device_0 .
INFO: [BD 41-1029] Generation completed for the IP Integrator block gtxe2_top_0 .
INFO: [BD 41-1029] Generation completed for the IP Integrator block xadc_wiz_0 .
INFO: [BD 41-1029] Generation completed for the IP Integrator block xlconstant_0 .
INFO: [BD 41-1029] Generation completed for the IP Integrator block xlconstant_1 .
INFO: [BD 41-1029] Generation completed for the IP Integrator block microblaze_0 .
INFO: [BD 41-1029] Generation completed for the IP Integrator block axi_bram_ctrl_0 .
INFO: [Device 21-403] Loading part xc7vx485tffg1761-2
xit::source_ipfile: Time (s): cpu = 00:00:12 ; elapsed = 00:00:22 . Memory (MB): peak = 1307.711 ; gain = 229.000
INFO: [xilinx.com:ip:gig_ethernet_pcs_pma:16.0-98989] bd_4bad_pcs_pma_0: ARCHITECTURE : virtex7
INFO: [xilinx.com:ip:gig_ethernet_pcs_pma:16.0-98989] bd_4bad_pcs_pma_0: PART : xc7vx485tffg1761-2
INFO: [xilinx.com:ip:gig_ethernet_pcs_pma:16.0-98989] bd_4bad_pcs_pma_0: SPEEDGRADE : -2
INFO: [xilinx.com:ip:gig_ethernet_pcs_pma:16.0-98989] bd_4bad_pcs_pma_0: Standard : 1000BASEX
WARNING: [IP_Flow 19-650] IP license key 'eth_avb_endpoint@2015.04' is enabled with a Design_Linking license.
WARNING: [IP_Flow 19-650] IP license key 'eth_avb_endpoint@2015.04' is enabled with a Design_Linking license.
WARNING: [IP_Flow 19-650] IP license key 'tri_mode_eth_mac@2015.04' is enabled with a Design_Linking license.
WARNING: [IP_Flow 19-650] IP license key 'tri_mode_eth_mac@2015.04' is enabled with a Design_Linking license.
Exporting to file c:/Users/umram-bt/Documents/rdf0195-vc707-bist-c-2015-1/vc707_bist/vc707_bist.srcs/sources_1/bd/system/ip/system_axi_ethernet_0_0/bd_0/hw_handoff/system_axi_ethernet_0_0.hwh
INFO: [xilinx.com:ip:gig_ethernet_pcs_pma:16.0-98989] test_ip: ARCHITECTURE : virtex7
INFO: [xilinx.com:ip:gig_ethernet_pcs_pma:16.0-98989] test_ip: PART : xc7vx485tffg1761-2
INFO: [xilinx.com:ip:gig_ethernet_pcs_pma:16.0-98989] test_ip: SPEEDGRADE : -2
INFO: [xilinx.com:ip:gig_ethernet_pcs_pma:16.0-98989] test_ip: Standard : 1000BASEX
Generated Block Design Tcl file c:/Users/umram-bt/Documents/rdf0195-vc707-bist-c-2015-1/vc707_bist/vc707_bist.srcs/sources_1/bd/system/ip/system_axi_ethernet_0_0/bd_0/hw_handoff/system_axi_ethernet_0_0_bd.tcl
Generated Hardware Definition File c:/Users/umram-bt/Documents/rdf0195-vc707-bist-c-2015-1/vc707_bist/vc707_bist.srcs/sources_1/bd/system/ip/system_axi_ethernet_0_0/bd_0/hdl/system_axi_ethernet_0_0.hwdef
INFO: [BD 41-1029] Generation completed for the IP Integrator block axi_ethernet_0 .
INFO: [BD 41-1029] Generation completed for the IP Integrator block mig_7series_0 .
INFO: [BD 41-1029] Generation completed for the IP Integrator block microblaze_0_local_memory/dlmb_v10 .
INFO: [BD 41-1029] Generation completed for the IP Integrator block microblaze_0_local_memory/ilmb_v10 .
INFO: [BD 41-1029] Generation completed for the IP Integrator block microblaze_0_local_memory/dlmb_bram_if_cntlr .
INFO: [BD 41-1029] Generation completed for the IP Integrator block microblaze_0_local_memory/ilmb_bram_if_cntlr .
INFO: [BD 41-1029] Generation completed for the IP Integrator block microblaze_0_local_memory/lmb_bram .
INFO: [BD 41-1029] Generation completed for the IP Integrator block microblaze_0_axi_intc .
INFO: [BD 41-1029] Generation completed for the IP Integrator block microblaze_0_xlconcat .
INFO: [BD 41-1029] Generation completed for the IP Integrator block mdm_1 .
INFO: [BD 41-1029] Generation completed for the IP Integrator block rst_mig_7series_0_100M .
INFO: [BD 41-1029] Generation completed for the IP Integrator block axi_bram_ctrl_0_bram .
INFO: [BD 41-1029] Generation completed for the IP Integrator block axi_ethernet_0_dma .
INFO: [BD 41-1029] Generation completed for the IP Integrator block axi_ethernet_0_refclk .
INFO: [BD 41-1029] Generation completed for the IP Integrator block rst_mig_7series_0_200M .
INFO: [BD 41-1029] Generation completed for the IP Integrator block axi_mem_intercon/xbar .
INFO: [BD 41-1029] Generation completed for the IP Integrator block microblaze_0_axi_periph/xbar .
INFO: [BD 41-1029] Generation completed for the IP Integrator block axi_mem_intercon/m00_couplers/auto_ds .
INFO: [BD 41-1029] Generation completed for the IP Integrator block axi_mem_intercon/m01_couplers/auto_cc .
INFO: [BD 41-1029] Generation completed for the IP Integrator block axi_mem_intercon/s00_couplers/auto_us .
INFO: [BD 41-1029] Generation completed for the IP Integrator block axi_mem_intercon/s01_couplers/auto_us .
INFO: [BD 41-1029] Generation completed for the IP Integrator block axi_mem_intercon/s02_couplers/auto_us .
INFO: [BD 41-1029] Generation completed for the IP Integrator block axi_mem_intercon/s03_couplers/auto_us .
INFO: [BD 41-1029] Generation completed for the IP Integrator block axi_mem_intercon/s04_couplers/auto_us .
INFO: [BD 41-1029] Generation completed for the IP Integrator block microblaze_0_axi_periph/m10_couplers/auto_pc .
INFO: [BD 41-1029] Generation completed for the IP Integrator block microblaze_0_axi_periph/m14_couplers/auto_pc .
Exporting to file C:/Users/umram-bt/Documents/rdf0195-vc707-bist-c-2015-1/vc707_bist/vc707_bist.srcs/sources_1/bd/system/hw_handoff/system.hwh
INFO: [xilinx.com:ip:axi_bram_ctrl:4.0-2] test_ip: In IP Integrator, please note that memory depth value gets calculated based on the Data Width of the IP and Address range selected in the Address Editor.Incase a validation error occured on the range of this parameter, please check if the selected Data width and the Address Range are valid. For valid Data width and memory depth values, please refer to the AXI BRAM Controller Product Guide.
INFO: [xilinx.com:ip:axi_bram_ctrl:4.0-1] test_ip: In IP Integrator, The Maximum address range supported is 2G. Selecting the address range more than 2G in the address editor may resets the value of Memory depth to default value (1024). please refer to the AXI BRAM Controller Product Guide.
Generated Block Design Tcl file C:/Users/umram-bt/Documents/rdf0195-vc707-bist-c-2015-1/vc707_bist/vc707_bist.srcs/sources_1/bd/system/hw_handoff/system_bd.tcl
Generated Hardware Definition File C:/Users/umram-bt/Documents/rdf0195-vc707-bist-c-2015-1/vc707_bist/vc707_bist.srcs/sources_1/bd/system/hdl/system.hwdef
generate_target: Time (s): cpu = 00:01:06 ; elapsed = 00:05:41 . Memory (MB): peak = 1466.172 ; gain = 403.484
export_ip_user_files -of_objects [get_files C:/Users/umram-bt/Documents/rdf0195-vc707-bist-c-2015-1/vc707_bist/vc707_bist.srcs/sources_1/bd/system/system.bd] -no_script -sync -force -quiet
export_simulation -of_objects [get_files C:/Users/umram-bt/Documents/rdf0195-vc707-bist-c-2015-1/vc707_bist/vc707_bist.srcs/sources_1/bd/system/system.bd] -directory C:/Users/umram-bt/Documents/rdf0195-vc707-bist-c-2015-1/vc707_bist/vc707_bist.ip_user_files/sim_scripts -ip_user_files_dir C:/Users/umram-bt/Documents/rdf0195-vc707-bist-c-2015-1/vc707_bist/vc707_bist.ip_user_files -ipstatic_source_dir C:/Users/umram-bt/Documents/rdf0195-vc707-bist-c-2015-1/vc707_bist/vc707_bist.ip_user_files/ipstatic -lib_map_path [list {modelsim=C:/Users/umram-bt/Documents/rdf0195-vc707-bist-c-2015-1/vc707_bist/vc707_bist.cache/compile_simlib/modelsim} {questa=C:/Users/umram-bt/Documents/rdf0195-vc707-bist-c-2015-1/vc707_bist/vc707_bist.cache/compile_simlib/questa} {riviera=C:/Users/umram-bt/Documents/rdf0195-vc707-bist-c-2015-1/vc707_bist/vc707_bist.cache/compile_simlib/riviera} {activehdl=C:/Users/umram-bt/Documents/rdf0195-vc707-bist-c-2015-1/vc707_bist/vc707_bist.cache/compile_simlib/activehdl}] -use_ip_compiled_libs -force -quiet
launch_runs synth_2 -jobs 4
WARNING: [BD 41-1731] Type mismatch between connected pins: /gt0_qplloutclk_out(clk) and /pcs_pma/gt0_qplloutclk_out(undef)
WARNING: [BD 41-1731] Type mismatch between connected pins: /gt0_qplloutrefclk_out(clk) and /pcs_pma/gt0_qplloutrefclk_out(undef)
INFO: [BD 41-1662] The design 'system.bd' is already validated. Therefore parameter propagation will not be re-run.
WARNING: [BD 41-235] Width mismatch when connecting pin: '/axi_bram_ctrl_0_bram/addra'(32) to net 'axi_bram_ctrl_0_BRAM_PORTA_ADDR'(20) - Only lower order bits will be connected.
WARNING: [BD 41-235] Width mismatch when connecting pin: '/axi_bram_ctrl_0_bram/addrb'(32) to net 'axi_bram_ctrl_0_BRAM_PORTB_ADDR'(20) - Only lower order bits will be connected.
VHDL Output written to : C:/Users/umram-bt/Documents/rdf0195-vc707-bist-c-2015-1/vc707_bist/vc707_bist.srcs/sources_1/bd/system/hdl/system.vhd
VHDL Output written to : C:/Users/umram-bt/Documents/rdf0195-vc707-bist-c-2015-1/vc707_bist/vc707_bist.srcs/sources_1/bd/system/hdl/system_wrapper.vhd
INFO: [BD 41-1029] Generation completed for the IP Integrator block axi_emc_0 .
INFO: [BD 41-1029] Generation completed for the IP Integrator block axi_gpio_0 .
INFO: [BD 41-1029] Generation completed for the IP Integrator block axi_gpio_1 .
INFO: [BD 41-1029] Generation completed for the IP Integrator block axi_gpio_2 .
INFO: [BD 41-1029] Generation completed for the IP Integrator block axi_gpio_3 .
INFO: [BD 41-1029] Generation completed for the IP Integrator block axi_gpio_4 .
INFO: [BD 41-1029] Generation completed for the IP Integrator block axi_iic_0 .
INFO: [BD 41-1029] Generation completed for the IP Integrator block axi_timer_0 .
INFO: [BD 41-1029] Generation completed for the IP Integrator block axi_uart16550_0 .
INFO: [BD 41-1029] Generation completed for the IP Integrator block axi_usb2_device_0 .
INFO: [BD 41-1029] Generation completed for the IP Integrator block gtxe2_top_0 .
INFO: [BD 41-1029] Generation completed for the IP Integrator block xadc_wiz_0 .
INFO: [BD 41-1029] Generation completed for the IP Integrator block xlconstant_0 .
INFO: [BD 41-1029] Generation completed for the IP Integrator block xlconstant_1 .
INFO: [BD 41-1029] Generation completed for the IP Integrator block microblaze_0 .
INFO: [BD 41-1029] Generation completed for the IP Integrator block axi_bram_ctrl_0 .
Exporting to file c:/Users/umram-bt/Documents/rdf0195-vc707-bist-c-2015-1/vc707_bist/vc707_bist.srcs/sources_1/bd/system/ip/system_axi_ethernet_0_0/bd_0/hw_handoff/system_axi_ethernet_0_0.hwh
INFO: [xilinx.com:ip:gig_ethernet_pcs_pma:16.0-98989] test_ip: ARCHITECTURE : virtex7
INFO: [xilinx.com:ip:gig_ethernet_pcs_pma:16.0-98989] test_ip: PART : xc7vx485tffg1761-2
INFO: [xilinx.com:ip:gig_ethernet_pcs_pma:16.0-98989] test_ip: SPEEDGRADE : -2
INFO: [xilinx.com:ip:gig_ethernet_pcs_pma:16.0-98989] test_ip: Standard : 1000BASEX
Generated Block Design Tcl file c:/Users/umram-bt/Documents/rdf0195-vc707-bist-c-2015-1/vc707_bist/vc707_bist.srcs/sources_1/bd/system/ip/system_axi_ethernet_0_0/bd_0/hw_handoff/system_axi_ethernet_0_0_bd.tcl
Generated Hardware Definition File c:/Users/umram-bt/Documents/rdf0195-vc707-bist-c-2015-1/vc707_bist/vc707_bist.srcs/sources_1/bd/system/ip/system_axi_ethernet_0_0/bd_0/hdl/system_axi_ethernet_0_0.hwdef
INFO: [BD 41-1029] Generation completed for the IP Integrator block axi_ethernet_0 .
INFO: [BD 41-1029] Generation completed for the IP Integrator block mig_7series_0 .
INFO: [BD 41-1029] Generation completed for the IP Integrator block microblaze_0_local_memory/dlmb_v10 .
INFO: [BD 41-1029] Generation completed for the IP Integrator block microblaze_0_local_memory/ilmb_v10 .
INFO: [BD 41-1029] Generation completed for the IP Integrator block microblaze_0_local_memory/dlmb_bram_if_cntlr .
INFO: [BD 41-1029] Generation completed for the IP Integrator block microblaze_0_local_memory/ilmb_bram_if_cntlr .
INFO: [BD 41-1029] Generation completed for the IP Integrator block microblaze_0_local_memory/lmb_bram .
INFO: [BD 41-1029] Generation completed for the IP Integrator block microblaze_0_axi_intc .
INFO: [BD 41-1029] Generation completed for the IP Integrator block microblaze_0_xlconcat .
INFO: [BD 41-1029] Generation completed for the IP Integrator block mdm_1 .
INFO: [BD 41-1029] Generation completed for the IP Integrator block rst_mig_7series_0_100M .
INFO: [BD 41-1029] Generation completed for the IP Integrator block axi_bram_ctrl_0_bram .
INFO: [BD 41-1029] Generation completed for the IP Integrator block axi_ethernet_0_dma .
INFO: [BD 41-1029] Generation completed for the IP Integrator block axi_ethernet_0_refclk .
INFO: [BD 41-1029] Generation completed for the IP Integrator block rst_mig_7series_0_200M .
INFO: [BD 41-1029] Generation completed for the IP Integrator block axi_mem_intercon/xbar .
INFO: [BD 41-1029] Generation completed for the IP Integrator block microblaze_0_axi_periph/xbar .
INFO: [BD 41-1029] Generation completed for the IP Integrator block axi_mem_intercon/m00_couplers/auto_ds .
INFO: [BD 41-1029] Generation completed for the IP Integrator block axi_mem_intercon/m01_couplers/auto_cc .
INFO: [BD 41-1029] Generation completed for the IP Integrator block axi_mem_intercon/s00_couplers/auto_us .
INFO: [BD 41-1029] Generation completed for the IP Integrator block axi_mem_intercon/s01_couplers/auto_us .
INFO: [BD 41-1029] Generation completed for the IP Integrator block axi_mem_intercon/s02_couplers/auto_us .
INFO: [BD 41-1029] Generation completed for the IP Integrator block axi_mem_intercon/s03_couplers/auto_us .
INFO: [BD 41-1029] Generation completed for the IP Integrator block axi_mem_intercon/s04_couplers/auto_us .
INFO: [BD 41-1029] Generation completed for the IP Integrator block microblaze_0_axi_periph/m10_couplers/auto_pc .
INFO: [BD 41-1029] Generation completed for the IP Integrator block microblaze_0_axi_periph/m14_couplers/auto_pc .
Exporting to file C:/Users/umram-bt/Documents/rdf0195-vc707-bist-c-2015-1/vc707_bist/vc707_bist.srcs/sources_1/bd/system/hw_handoff/system.hwh
INFO: [xilinx.com:ip:axi_bram_ctrl:4.0-2] test_ip: In IP Integrator, please note that memory depth value gets calculated based on the Data Width of the IP and Address range selected in the Address Editor.Incase a validation error occured on the range of this parameter, please check if the selected Data width and the Address Range are valid. For valid Data width and memory depth values, please refer to the AXI BRAM Controller Product Guide.
INFO: [xilinx.com:ip:axi_bram_ctrl:4.0-1] test_ip: In IP Integrator, The Maximum address range supported is 2G. Selecting the address range more than 2G in the address editor may resets the value of Memory depth to default value (1024). please refer to the AXI BRAM Controller Product Guide.
Generated Block Design Tcl file C:/Users/umram-bt/Documents/rdf0195-vc707-bist-c-2015-1/vc707_bist/vc707_bist.srcs/sources_1/bd/system/hw_handoff/system_bd.tcl
Generated Hardware Definition File C:/Users/umram-bt/Documents/rdf0195-vc707-bist-c-2015-1/vc707_bist/vc707_bist.srcs/sources_1/bd/system/hdl/system.hwdef
INFO: [HDL 9-1061] Parsing VHDL file "C:/Users/umram-bt/Documents/rdf0195-vc707-bist-c-2015-1/vc707_bist/vc707_bist.srcs/sources_1/bd/system/hdl/system.vhd" into library xil_defaultlib [C:/Users/umram-bt/Documents/rdf0195-vc707-bist-c-2015-1/vc707_bist/vc707_bist.srcs/sources_1/bd/system/hdl/system.vhd:1]
[Thu Jun 13 17:16:05 2019] Launched synth_2...
Run output will be captured here: C:/Users/umram-bt/Documents/rdf0195-vc707-bist-c-2015-1/vc707_bist/vc707_bist.runs/synth_2/runme.log
launch_runs: Time (s): cpu = 00:00:18 ; elapsed = 00:00:28 . Memory (MB): peak = 1538.375 ; gain = 72.203
write_hwdef -force  -file C:/Users/umram-bt/Desktop/exports/system_wrapper.hdf
write_hwdef: Time (s): cpu = 00:00:00 ; elapsed = 00:00:10 . Memory (MB): peak = 1554.176 ; gain = 0.000
ERROR: [Vivado 12-4452] The hardware handoff file (.sysdef) does not exist. It may not have been generated due to: 
 1. A bitstream might not have been generated. Generate Bitstream and export again, or do not request a bitstream to be included in export.
 2. There are no block design hardware handoff files. Check the vivado log messages for more details. 
launch_runs impl_2 -to_step write_bitstream -jobs 4
[Thu Jun 13 18:00:16 2019] Launched impl_2...
Run output will be captured here: C:/Users/umram-bt/Documents/rdf0195-vc707-bist-c-2015-1/vc707_bist/vc707_bist.runs/impl_2/runme.log
open_run synth_2 -name synth_2
Design is defaulting to impl run constrset: constrs_1
Design is defaulting to synth run part: xc7vx485tffg1761-2
INFO: [Netlist 29-17] Analyzing 1538 Unisim elements for replacement
INFO: [Netlist 29-28] Unisim Transformation completed in 1 CPU seconds
INFO: [Project 1-479] Netlist was created with Vivado 2016.4
INFO: [Project 1-570] Preparing netlist for logic optimization
Parsing XDC File [c:/Users/umram-bt/Documents/rdf0195-vc707-bist-c-2015-1/vc707_bist/vc707_bist.srcs/sources_1/bd/system/ip/system_axi_emc_0_0/system_axi_emc_0_0_board.xdc] for cell 'system_i/axi_emc_0'
Finished Parsing XDC File [c:/Users/umram-bt/Documents/rdf0195-vc707-bist-c-2015-1/vc707_bist/vc707_bist.srcs/sources_1/bd/system/ip/system_axi_emc_0_0/system_axi_emc_0_0_board.xdc] for cell 'system_i/axi_emc_0'
Parsing XDC File [c:/Users/umram-bt/Documents/rdf0195-vc707-bist-c-2015-1/vc707_bist/vc707_bist.srcs/sources_1/bd/system/ip/system_axi_emc_0_0/system_axi_emc_0_0.xdc] for cell 'system_i/axi_emc_0'
Finished Parsing XDC File [c:/Users/umram-bt/Documents/rdf0195-vc707-bist-c-2015-1/vc707_bist/vc707_bist.srcs/sources_1/bd/system/ip/system_axi_emc_0_0/system_axi_emc_0_0.xdc] for cell 'system_i/axi_emc_0'
Parsing XDC File [c:/Users/umram-bt/Documents/rdf0195-vc707-bist-c-2015-1/vc707_bist/vc707_bist.srcs/sources_1/bd/system/ip/system_axi_gpio_0_0/system_axi_gpio_0_0_board.xdc] for cell 'system_i/axi_gpio_0/U0'
Finished Parsing XDC File [c:/Users/umram-bt/Documents/rdf0195-vc707-bist-c-2015-1/vc707_bist/vc707_bist.srcs/sources_1/bd/system/ip/system_axi_gpio_0_0/system_axi_gpio_0_0_board.xdc] for cell 'system_i/axi_gpio_0/U0'
Parsing XDC File [c:/Users/umram-bt/Documents/rdf0195-vc707-bist-c-2015-1/vc707_bist/vc707_bist.srcs/sources_1/bd/system/ip/system_axi_gpio_0_0/system_axi_gpio_0_0.xdc] for cell 'system_i/axi_gpio_0/U0'
Finished Parsing XDC File [c:/Users/umram-bt/Documents/rdf0195-vc707-bist-c-2015-1/vc707_bist/vc707_bist.srcs/sources_1/bd/system/ip/system_axi_gpio_0_0/system_axi_gpio_0_0.xdc] for cell 'system_i/axi_gpio_0/U0'
Parsing XDC File [c:/Users/umram-bt/Documents/rdf0195-vc707-bist-c-2015-1/vc707_bist/vc707_bist.srcs/sources_1/bd/system/ip/system_axi_gpio_1_0/system_axi_gpio_1_0_board.xdc] for cell 'system_i/axi_gpio_1/U0'
Finished Parsing XDC File [c:/Users/umram-bt/Documents/rdf0195-vc707-bist-c-2015-1/vc707_bist/vc707_bist.srcs/sources_1/bd/system/ip/system_axi_gpio_1_0/system_axi_gpio_1_0_board.xdc] for cell 'system_i/axi_gpio_1/U0'
Parsing XDC File [c:/Users/umram-bt/Documents/rdf0195-vc707-bist-c-2015-1/vc707_bist/vc707_bist.srcs/sources_1/bd/system/ip/system_axi_gpio_1_0/system_axi_gpio_1_0.xdc] for cell 'system_i/axi_gpio_1/U0'
Finished Parsing XDC File [c:/Users/umram-bt/Documents/rdf0195-vc707-bist-c-2015-1/vc707_bist/vc707_bist.srcs/sources_1/bd/system/ip/system_axi_gpio_1_0/system_axi_gpio_1_0.xdc] for cell 'system_i/axi_gpio_1/U0'
Parsing XDC File [c:/Users/umram-bt/Documents/rdf0195-vc707-bist-c-2015-1/vc707_bist/vc707_bist.srcs/sources_1/bd/system/ip/system_axi_gpio_2_0/system_axi_gpio_2_0_board.xdc] for cell 'system_i/axi_gpio_2/U0'
Finished Parsing XDC File [c:/Users/umram-bt/Documents/rdf0195-vc707-bist-c-2015-1/vc707_bist/vc707_bist.srcs/sources_1/bd/system/ip/system_axi_gpio_2_0/system_axi_gpio_2_0_board.xdc] for cell 'system_i/axi_gpio_2/U0'
Parsing XDC File [c:/Users/umram-bt/Documents/rdf0195-vc707-bist-c-2015-1/vc707_bist/vc707_bist.srcs/sources_1/bd/system/ip/system_axi_gpio_2_0/system_axi_gpio_2_0.xdc] for cell 'system_i/axi_gpio_2/U0'
Finished Parsing XDC File [c:/Users/umram-bt/Documents/rdf0195-vc707-bist-c-2015-1/vc707_bist/vc707_bist.srcs/sources_1/bd/system/ip/system_axi_gpio_2_0/system_axi_gpio_2_0.xdc] for cell 'system_i/axi_gpio_2/U0'
Parsing XDC File [c:/Users/umram-bt/Documents/rdf0195-vc707-bist-c-2015-1/vc707_bist/vc707_bist.srcs/sources_1/bd/system/ip/system_axi_gpio_3_0/system_axi_gpio_3_0_board.xdc] for cell 'system_i/axi_gpio_3/U0'
Finished Parsing XDC File [c:/Users/umram-bt/Documents/rdf0195-vc707-bist-c-2015-1/vc707_bist/vc707_bist.srcs/sources_1/bd/system/ip/system_axi_gpio_3_0/system_axi_gpio_3_0_board.xdc] for cell 'system_i/axi_gpio_3/U0'
Parsing XDC File [c:/Users/umram-bt/Documents/rdf0195-vc707-bist-c-2015-1/vc707_bist/vc707_bist.srcs/sources_1/bd/system/ip/system_axi_gpio_3_0/system_axi_gpio_3_0.xdc] for cell 'system_i/axi_gpio_3/U0'
Finished Parsing XDC File [c:/Users/umram-bt/Documents/rdf0195-vc707-bist-c-2015-1/vc707_bist/vc707_bist.srcs/sources_1/bd/system/ip/system_axi_gpio_3_0/system_axi_gpio_3_0.xdc] for cell 'system_i/axi_gpio_3/U0'
Parsing XDC File [c:/Users/umram-bt/Documents/rdf0195-vc707-bist-c-2015-1/vc707_bist/vc707_bist.srcs/sources_1/bd/system/ip/system_axi_gpio_4_0/system_axi_gpio_4_0_board.xdc] for cell 'system_i/axi_gpio_4/U0'
Finished Parsing XDC File [c:/Users/umram-bt/Documents/rdf0195-vc707-bist-c-2015-1/vc707_bist/vc707_bist.srcs/sources_1/bd/system/ip/system_axi_gpio_4_0/system_axi_gpio_4_0_board.xdc] for cell 'system_i/axi_gpio_4/U0'
Parsing XDC File [c:/Users/umram-bt/Documents/rdf0195-vc707-bist-c-2015-1/vc707_bist/vc707_bist.srcs/sources_1/bd/system/ip/system_axi_gpio_4_0/system_axi_gpio_4_0.xdc] for cell 'system_i/axi_gpio_4/U0'
Finished Parsing XDC File [c:/Users/umram-bt/Documents/rdf0195-vc707-bist-c-2015-1/vc707_bist/vc707_bist.srcs/sources_1/bd/system/ip/system_axi_gpio_4_0/system_axi_gpio_4_0.xdc] for cell 'system_i/axi_gpio_4/U0'
Parsing XDC File [c:/Users/umram-bt/Documents/rdf0195-vc707-bist-c-2015-1/vc707_bist/vc707_bist.srcs/sources_1/bd/system/ip/system_axi_iic_0_0/system_axi_iic_0_0_board.xdc] for cell 'system_i/axi_iic_0/U0'
Finished Parsing XDC File [c:/Users/umram-bt/Documents/rdf0195-vc707-bist-c-2015-1/vc707_bist/vc707_bist.srcs/sources_1/bd/system/ip/system_axi_iic_0_0/system_axi_iic_0_0_board.xdc] for cell 'system_i/axi_iic_0/U0'
Parsing XDC File [c:/Users/umram-bt/Documents/rdf0195-vc707-bist-c-2015-1/vc707_bist/vc707_bist.srcs/sources_1/bd/system/ip/system_axi_timer_0_0/system_axi_timer_0_0.xdc] for cell 'system_i/axi_timer_0/U0'
Finished Parsing XDC File [c:/Users/umram-bt/Documents/rdf0195-vc707-bist-c-2015-1/vc707_bist/vc707_bist.srcs/sources_1/bd/system/ip/system_axi_timer_0_0/system_axi_timer_0_0.xdc] for cell 'system_i/axi_timer_0/U0'
Parsing XDC File [c:/Users/umram-bt/Documents/rdf0195-vc707-bist-c-2015-1/vc707_bist/vc707_bist.srcs/sources_1/bd/system/ip/system_axi_uart16550_0_0/system_axi_uart16550_0_0_board.xdc] for cell 'system_i/axi_uart16550_0/U0'
Finished Parsing XDC File [c:/Users/umram-bt/Documents/rdf0195-vc707-bist-c-2015-1/vc707_bist/vc707_bist.srcs/sources_1/bd/system/ip/system_axi_uart16550_0_0/system_axi_uart16550_0_0_board.xdc] for cell 'system_i/axi_uart16550_0/U0'
Parsing XDC File [c:/Users/umram-bt/Documents/rdf0195-vc707-bist-c-2015-1/vc707_bist/vc707_bist.srcs/sources_1/bd/system/ip/system_axi_uart16550_0_0/system_axi_uart16550_0_0.xdc] for cell 'system_i/axi_uart16550_0/U0'
Finished Parsing XDC File [c:/Users/umram-bt/Documents/rdf0195-vc707-bist-c-2015-1/vc707_bist/vc707_bist.srcs/sources_1/bd/system/ip/system_axi_uart16550_0_0/system_axi_uart16550_0_0.xdc] for cell 'system_i/axi_uart16550_0/U0'
Parsing XDC File [c:/Users/umram-bt/Documents/rdf0195-vc707-bist-c-2015-1/vc707_bist/vc707_bist.srcs/sources_1/bd/system/ip/system_axi_usb2_device_0_0/system_axi_usb2_device_0_0.xdc] for cell 'system_i/axi_usb2_device_0/U0'
Finished Parsing XDC File [c:/Users/umram-bt/Documents/rdf0195-vc707-bist-c-2015-1/vc707_bist/vc707_bist.srcs/sources_1/bd/system/ip/system_axi_usb2_device_0_0/system_axi_usb2_device_0_0.xdc] for cell 'system_i/axi_usb2_device_0/U0'
Parsing XDC File [c:/Users/umram-bt/Documents/rdf0195-vc707-bist-c-2015-1/vc707_bist/vc707_bist.srcs/sources_1/bd/system/ip/system_xadc_wiz_0_0/system_xadc_wiz_0_0.xdc] for cell 'system_i/xadc_wiz_0/U0'
Finished Parsing XDC File [c:/Users/umram-bt/Documents/rdf0195-vc707-bist-c-2015-1/vc707_bist/vc707_bist.srcs/sources_1/bd/system/ip/system_xadc_wiz_0_0/system_xadc_wiz_0_0.xdc] for cell 'system_i/xadc_wiz_0/U0'
Parsing XDC File [c:/Users/umram-bt/Documents/rdf0195-vc707-bist-c-2015-1/vc707_bist/vc707_bist.srcs/sources_1/bd/system/ip/system_microblaze_0_0/system_microblaze_0_0.xdc] for cell 'system_i/microblaze_0/U0'
Finished Parsing XDC File [c:/Users/umram-bt/Documents/rdf0195-vc707-bist-c-2015-1/vc707_bist/vc707_bist.srcs/sources_1/bd/system/ip/system_microblaze_0_0/system_microblaze_0_0.xdc] for cell 'system_i/microblaze_0/U0'
Parsing XDC File [c:/Users/umram-bt/Documents/rdf0195-vc707-bist-c-2015-1/vc707_bist/vc707_bist.srcs/sources_1/bd/system/ip/system_axi_ethernet_0_0/bd_0/ip/ip_0/bd_4bad_eth_buf_0_board.xdc] for cell 'system_i/axi_ethernet_0/U0/eth_buf/U0'
Finished Parsing XDC File [c:/Users/umram-bt/Documents/rdf0195-vc707-bist-c-2015-1/vc707_bist/vc707_bist.srcs/sources_1/bd/system/ip/system_axi_ethernet_0_0/bd_0/ip/ip_0/bd_4bad_eth_buf_0_board.xdc] for cell 'system_i/axi_ethernet_0/U0/eth_buf/U0'
Parsing XDC File [c:/Users/umram-bt/Documents/rdf0195-vc707-bist-c-2015-1/vc707_bist/vc707_bist.srcs/sources_1/bd/system/ip/system_axi_ethernet_0_0/bd_0/ip/ip_1/synth/bd_4bad_eth_mac_0_board.xdc] for cell 'system_i/axi_ethernet_0/U0/eth_mac/U0'
Finished Parsing XDC File [c:/Users/umram-bt/Documents/rdf0195-vc707-bist-c-2015-1/vc707_bist/vc707_bist.srcs/sources_1/bd/system/ip/system_axi_ethernet_0_0/bd_0/ip/ip_1/synth/bd_4bad_eth_mac_0_board.xdc] for cell 'system_i/axi_ethernet_0/U0/eth_mac/U0'
Parsing XDC File [c:/Users/umram-bt/Documents/rdf0195-vc707-bist-c-2015-1/vc707_bist/vc707_bist.srcs/sources_1/bd/system/ip/system_axi_ethernet_0_0/bd_0/ip/ip_1/synth/bd_4bad_eth_mac_0.xdc] for cell 'system_i/axi_ethernet_0/U0/eth_mac/U0'
Finished Parsing XDC File [c:/Users/umram-bt/Documents/rdf0195-vc707-bist-c-2015-1/vc707_bist/vc707_bist.srcs/sources_1/bd/system/ip/system_axi_ethernet_0_0/bd_0/ip/ip_1/synth/bd_4bad_eth_mac_0.xdc] for cell 'system_i/axi_ethernet_0/U0/eth_mac/U0'
Parsing XDC File [c:/Users/umram-bt/Documents/rdf0195-vc707-bist-c-2015-1/vc707_bist/vc707_bist.srcs/sources_1/bd/system/ip/system_axi_ethernet_0_0/bd_0/ip/ip_2/bd_4bad_pcs_pma_0_board.xdc] for cell 'system_i/axi_ethernet_0/U0/pcs_pma/U0'
Finished Parsing XDC File [c:/Users/umram-bt/Documents/rdf0195-vc707-bist-c-2015-1/vc707_bist/vc707_bist.srcs/sources_1/bd/system/ip/system_axi_ethernet_0_0/bd_0/ip/ip_2/bd_4bad_pcs_pma_0_board.xdc] for cell 'system_i/axi_ethernet_0/U0/pcs_pma/U0'
Parsing XDC File [c:/Users/umram-bt/Documents/rdf0195-vc707-bist-c-2015-1/vc707_bist/vc707_bist.srcs/sources_1/bd/system/ip/system_axi_ethernet_0_0/bd_0/ip/ip_2/synth/bd_4bad_pcs_pma_0.xdc] for cell 'system_i/axi_ethernet_0/U0/pcs_pma/U0'
INFO: [Timing 38-35] Done setting XDC timing constraints. [c:/Users/umram-bt/Documents/rdf0195-vc707-bist-c-2015-1/vc707_bist/vc707_bist.srcs/sources_1/bd/system/ip/system_axi_ethernet_0_0/bd_0/ip/ip_2/synth/bd_4bad_pcs_pma_0.xdc:42]
INFO: [Timing 38-2] Deriving generated clocks [c:/Users/umram-bt/Documents/rdf0195-vc707-bist-c-2015-1/vc707_bist/vc707_bist.srcs/sources_1/bd/system/ip/system_axi_ethernet_0_0/bd_0/ip/ip_2/synth/bd_4bad_pcs_pma_0.xdc:42]
get_clocks: Time (s): cpu = 00:00:31 ; elapsed = 00:00:33 . Memory (MB): peak = 2587.074 ; gain = 591.332
Finished Parsing XDC File [c:/Users/umram-bt/Documents/rdf0195-vc707-bist-c-2015-1/vc707_bist/vc707_bist.srcs/sources_1/bd/system/ip/system_axi_ethernet_0_0/bd_0/ip/ip_2/synth/bd_4bad_pcs_pma_0.xdc] for cell 'system_i/axi_ethernet_0/U0/pcs_pma/U0'
Parsing XDC File [c:/Users/umram-bt/Documents/rdf0195-vc707-bist-c-2015-1/vc707_bist/vc707_bist.srcs/sources_1/bd/system/ip/system_mig_7series_0_0/system_mig_7series_0_0/user_design/constraints/system_mig_7series_0_0.xdc] for cell 'system_i/mig_7series_0'
Finished Parsing XDC File [c:/Users/umram-bt/Documents/rdf0195-vc707-bist-c-2015-1/vc707_bist/vc707_bist.srcs/sources_1/bd/system/ip/system_mig_7series_0_0/system_mig_7series_0_0/user_design/constraints/system_mig_7series_0_0.xdc] for cell 'system_i/mig_7series_0'
Parsing XDC File [c:/Users/umram-bt/Documents/rdf0195-vc707-bist-c-2015-1/vc707_bist/vc707_bist.srcs/sources_1/bd/system/ip/system_mig_7series_0_0/system_mig_7series_0_0_board.xdc] for cell 'system_i/mig_7series_0'
Finished Parsing XDC File [c:/Users/umram-bt/Documents/rdf0195-vc707-bist-c-2015-1/vc707_bist/vc707_bist.srcs/sources_1/bd/system/ip/system_mig_7series_0_0/system_mig_7series_0_0_board.xdc] for cell 'system_i/mig_7series_0'
Parsing XDC File [c:/Users/umram-bt/Documents/rdf0195-vc707-bist-c-2015-1/vc707_bist/vc707_bist.srcs/sources_1/bd/system/ip/system_dlmb_v10_0/system_dlmb_v10_0.xdc] for cell 'system_i/microblaze_0_local_memory/dlmb_v10/U0'
Finished Parsing XDC File [c:/Users/umram-bt/Documents/rdf0195-vc707-bist-c-2015-1/vc707_bist/vc707_bist.srcs/sources_1/bd/system/ip/system_dlmb_v10_0/system_dlmb_v10_0.xdc] for cell 'system_i/microblaze_0_local_memory/dlmb_v10/U0'
Parsing XDC File [c:/Users/umram-bt/Documents/rdf0195-vc707-bist-c-2015-1/vc707_bist/vc707_bist.srcs/sources_1/bd/system/ip/system_ilmb_v10_0/system_ilmb_v10_0.xdc] for cell 'system_i/microblaze_0_local_memory/ilmb_v10/U0'
Finished Parsing XDC File [c:/Users/umram-bt/Documents/rdf0195-vc707-bist-c-2015-1/vc707_bist/vc707_bist.srcs/sources_1/bd/system/ip/system_ilmb_v10_0/system_ilmb_v10_0.xdc] for cell 'system_i/microblaze_0_local_memory/ilmb_v10/U0'
Parsing XDC File [c:/Users/umram-bt/Documents/rdf0195-vc707-bist-c-2015-1/vc707_bist/vc707_bist.srcs/sources_1/bd/system/ip/system_microblaze_0_axi_intc_0/system_microblaze_0_axi_intc_0.xdc] for cell 'system_i/microblaze_0_axi_intc/U0'
Finished Parsing XDC File [c:/Users/umram-bt/Documents/rdf0195-vc707-bist-c-2015-1/vc707_bist/vc707_bist.srcs/sources_1/bd/system/ip/system_microblaze_0_axi_intc_0/system_microblaze_0_axi_intc_0.xdc] for cell 'system_i/microblaze_0_axi_intc/U0'
Parsing XDC File [c:/Users/umram-bt/Documents/rdf0195-vc707-bist-c-2015-1/vc707_bist/vc707_bist.srcs/sources_1/bd/system/ip/system_mdm_1_0/system_mdm_1_0.xdc] for cell 'system_i/mdm_1/U0'
INFO: [Timing 38-2] Deriving generated clocks [c:/Users/umram-bt/Documents/rdf0195-vc707-bist-c-2015-1/vc707_bist/vc707_bist.srcs/sources_1/bd/system/ip/system_mdm_1_0/system_mdm_1_0.xdc:50]
get_clocks: Time (s): cpu = 00:00:09 ; elapsed = 00:00:06 . Memory (MB): peak = 2655.535 ; gain = 0.000
Finished Parsing XDC File [c:/Users/umram-bt/Documents/rdf0195-vc707-bist-c-2015-1/vc707_bist/vc707_bist.srcs/sources_1/bd/system/ip/system_mdm_1_0/system_mdm_1_0.xdc] for cell 'system_i/mdm_1/U0'
Parsing XDC File [c:/Users/umram-bt/Documents/rdf0195-vc707-bist-c-2015-1/vc707_bist/vc707_bist.srcs/sources_1/bd/system/ip/system_rst_mig_7series_0_100M_0/system_rst_mig_7series_0_100M_0_board.xdc] for cell 'system_i/rst_mig_7series_0_100M/U0'
Finished Parsing XDC File [c:/Users/umram-bt/Documents/rdf0195-vc707-bist-c-2015-1/vc707_bist/vc707_bist.srcs/sources_1/bd/system/ip/system_rst_mig_7series_0_100M_0/system_rst_mig_7series_0_100M_0_board.xdc] for cell 'system_i/rst_mig_7series_0_100M/U0'
Parsing XDC File [c:/Users/umram-bt/Documents/rdf0195-vc707-bist-c-2015-1/vc707_bist/vc707_bist.srcs/sources_1/bd/system/ip/system_rst_mig_7series_0_100M_0/system_rst_mig_7series_0_100M_0.xdc] for cell 'system_i/rst_mig_7series_0_100M/U0'
Finished Parsing XDC File [c:/Users/umram-bt/Documents/rdf0195-vc707-bist-c-2015-1/vc707_bist/vc707_bist.srcs/sources_1/bd/system/ip/system_rst_mig_7series_0_100M_0/system_rst_mig_7series_0_100M_0.xdc] for cell 'system_i/rst_mig_7series_0_100M/U0'
Parsing XDC File [c:/Users/umram-bt/Documents/rdf0195-vc707-bist-c-2015-1/vc707_bist/vc707_bist.srcs/sources_1/bd/system/ip/system_axi_ethernet_0_dma_0/system_axi_ethernet_0_dma_0.xdc] for cell 'system_i/axi_ethernet_0_dma/U0'
Finished Parsing XDC File [c:/Users/umram-bt/Documents/rdf0195-vc707-bist-c-2015-1/vc707_bist/vc707_bist.srcs/sources_1/bd/system/ip/system_axi_ethernet_0_dma_0/system_axi_ethernet_0_dma_0.xdc] for cell 'system_i/axi_ethernet_0_dma/U0'
Parsing XDC File [c:/Users/umram-bt/Documents/rdf0195-vc707-bist-c-2015-1/vc707_bist/vc707_bist.srcs/sources_1/bd/system/ip/system_axi_ethernet_0_refclk_0/system_axi_ethernet_0_refclk_0_board.xdc] for cell 'system_i/axi_ethernet_0_refclk/inst'
Finished Parsing XDC File [c:/Users/umram-bt/Documents/rdf0195-vc707-bist-c-2015-1/vc707_bist/vc707_bist.srcs/sources_1/bd/system/ip/system_axi_ethernet_0_refclk_0/system_axi_ethernet_0_refclk_0_board.xdc] for cell 'system_i/axi_ethernet_0_refclk/inst'
Parsing XDC File [c:/Users/umram-bt/Documents/rdf0195-vc707-bist-c-2015-1/vc707_bist/vc707_bist.srcs/sources_1/bd/system/ip/system_axi_ethernet_0_refclk_0/system_axi_ethernet_0_refclk_0.xdc] for cell 'system_i/axi_ethernet_0_refclk/inst'
INFO: [Timing 38-2] Deriving generated clocks [c:/Users/umram-bt/Documents/rdf0195-vc707-bist-c-2015-1/vc707_bist/vc707_bist.srcs/sources_1/bd/system/ip/system_axi_ethernet_0_refclk_0/system_axi_ethernet_0_refclk_0.xdc:57]
get_clocks: Time (s): cpu = 00:00:07 ; elapsed = 00:00:05 . Memory (MB): peak = 2655.535 ; gain = 0.000
Finished Parsing XDC File [c:/Users/umram-bt/Documents/rdf0195-vc707-bist-c-2015-1/vc707_bist/vc707_bist.srcs/sources_1/bd/system/ip/system_axi_ethernet_0_refclk_0/system_axi_ethernet_0_refclk_0.xdc] for cell 'system_i/axi_ethernet_0_refclk/inst'
Parsing XDC File [c:/Users/umram-bt/Documents/rdf0195-vc707-bist-c-2015-1/vc707_bist/vc707_bist.srcs/sources_1/bd/system/ip/system_rst_mig_7series_0_200M_0/system_rst_mig_7series_0_200M_0_board.xdc] for cell 'system_i/rst_mig_7series_0_200M/U0'
Finished Parsing XDC File [c:/Users/umram-bt/Documents/rdf0195-vc707-bist-c-2015-1/vc707_bist/vc707_bist.srcs/sources_1/bd/system/ip/system_rst_mig_7series_0_200M_0/system_rst_mig_7series_0_200M_0_board.xdc] for cell 'system_i/rst_mig_7series_0_200M/U0'
Parsing XDC File [c:/Users/umram-bt/Documents/rdf0195-vc707-bist-c-2015-1/vc707_bist/vc707_bist.srcs/sources_1/bd/system/ip/system_rst_mig_7series_0_200M_0/system_rst_mig_7series_0_200M_0.xdc] for cell 'system_i/rst_mig_7series_0_200M/U0'
Finished Parsing XDC File [c:/Users/umram-bt/Documents/rdf0195-vc707-bist-c-2015-1/vc707_bist/vc707_bist.srcs/sources_1/bd/system/ip/system_rst_mig_7series_0_200M_0/system_rst_mig_7series_0_200M_0.xdc] for cell 'system_i/rst_mig_7series_0_200M/U0'
Parsing XDC File [C:/Users/umram-bt/Documents/rdf0195-vc707-bist-c-2015-1/vc707_bist/vc707_bist.srcs/constrs_1/imports/vc707_bist/system.xdc]
Finished Parsing XDC File [C:/Users/umram-bt/Documents/rdf0195-vc707-bist-c-2015-1/vc707_bist/vc707_bist.srcs/constrs_1/imports/vc707_bist/system.xdc]
Parsing XDC File [c:/Users/umram-bt/Documents/rdf0195-vc707-bist-c-2015-1/vc707_bist/vc707_bist.srcs/sources_1/bd/system/ip/system_axi_usb2_device_0_0/system_axi_usb2_device_0_0_clocks.xdc] for cell 'system_i/axi_usb2_device_0/U0'
Finished Parsing XDC File [c:/Users/umram-bt/Documents/rdf0195-vc707-bist-c-2015-1/vc707_bist/vc707_bist.srcs/sources_1/bd/system/ip/system_axi_usb2_device_0_0/system_axi_usb2_device_0_0_clocks.xdc] for cell 'system_i/axi_usb2_device_0/U0'
Parsing XDC File [c:/Users/umram-bt/Documents/rdf0195-vc707-bist-c-2015-1/vc707_bist/vc707_bist.srcs/sources_1/bd/system/ip/system_axi_ethernet_0_0/bd_0/ip/ip_0/synth/bd_4bad_eth_buf_0.xdc] for cell 'system_i/axi_ethernet_0/U0/eth_buf/U0'
Finished Parsing XDC File [c:/Users/umram-bt/Documents/rdf0195-vc707-bist-c-2015-1/vc707_bist/vc707_bist.srcs/sources_1/bd/system/ip/system_axi_ethernet_0_0/bd_0/ip/ip_0/synth/bd_4bad_eth_buf_0.xdc] for cell 'system_i/axi_ethernet_0/U0/eth_buf/U0'
Parsing XDC File [c:/Users/umram-bt/Documents/rdf0195-vc707-bist-c-2015-1/vc707_bist/vc707_bist.srcs/sources_1/bd/system/ip/system_axi_ethernet_0_0/bd_0/ip/ip_1/synth/bd_4bad_eth_mac_0_clocks.xdc] for cell 'system_i/axi_ethernet_0/U0/eth_mac/U0'
Finished Parsing XDC File [c:/Users/umram-bt/Documents/rdf0195-vc707-bist-c-2015-1/vc707_bist/vc707_bist.srcs/sources_1/bd/system/ip/system_axi_ethernet_0_0/bd_0/ip/ip_1/synth/bd_4bad_eth_mac_0_clocks.xdc] for cell 'system_i/axi_ethernet_0/U0/eth_mac/U0'
Parsing XDC File [c:/Users/umram-bt/Documents/rdf0195-vc707-bist-c-2015-1/vc707_bist/vc707_bist.srcs/sources_1/bd/system/ip/system_microblaze_0_axi_intc_0/system_microblaze_0_axi_intc_0_clocks.xdc] for cell 'system_i/microblaze_0_axi_intc/U0'
Finished Parsing XDC File [c:/Users/umram-bt/Documents/rdf0195-vc707-bist-c-2015-1/vc707_bist/vc707_bist.srcs/sources_1/bd/system/ip/system_microblaze_0_axi_intc_0/system_microblaze_0_axi_intc_0_clocks.xdc] for cell 'system_i/microblaze_0_axi_intc/U0'
Parsing XDC File [c:/Users/umram-bt/Documents/rdf0195-vc707-bist-c-2015-1/vc707_bist/vc707_bist.srcs/sources_1/bd/system/ip/system_axi_ethernet_0_dma_0/system_axi_ethernet_0_dma_0_clocks.xdc] for cell 'system_i/axi_ethernet_0_dma/U0'
Finished Parsing XDC File [c:/Users/umram-bt/Documents/rdf0195-vc707-bist-c-2015-1/vc707_bist/vc707_bist.srcs/sources_1/bd/system/ip/system_axi_ethernet_0_dma_0/system_axi_ethernet_0_dma_0_clocks.xdc] for cell 'system_i/axi_ethernet_0_dma/U0'
Parsing XDC File [c:/Users/umram-bt/Documents/rdf0195-vc707-bist-c-2015-1/vc707_bist/vc707_bist.srcs/sources_1/bd/system/ip/system_auto_ds_0/system_auto_ds_0_clocks.xdc] for cell 'system_i/axi_mem_intercon/m00_couplers/auto_ds/inst'
Finished Parsing XDC File [c:/Users/umram-bt/Documents/rdf0195-vc707-bist-c-2015-1/vc707_bist/vc707_bist.srcs/sources_1/bd/system/ip/system_auto_ds_0/system_auto_ds_0_clocks.xdc] for cell 'system_i/axi_mem_intercon/m00_couplers/auto_ds/inst'
Parsing XDC File [c:/Users/umram-bt/Documents/rdf0195-vc707-bist-c-2015-1/vc707_bist/vc707_bist.srcs/sources_1/bd/system/ip/system_auto_cc_0/system_auto_cc_0_clocks.xdc] for cell 'system_i/axi_mem_intercon/m01_couplers/auto_cc/inst'
Finished Parsing XDC File [c:/Users/umram-bt/Documents/rdf0195-vc707-bist-c-2015-1/vc707_bist/vc707_bist.srcs/sources_1/bd/system/ip/system_auto_cc_0/system_auto_cc_0_clocks.xdc] for cell 'system_i/axi_mem_intercon/m01_couplers/auto_cc/inst'
Parsing XDC File [c:/Users/umram-bt/Documents/rdf0195-vc707-bist-c-2015-1/vc707_bist/vc707_bist.srcs/sources_1/bd/system/ip/system_auto_us_0/system_auto_us_0_clocks.xdc] for cell 'system_i/axi_mem_intercon/s00_couplers/auto_us/inst'
Finished Parsing XDC File [c:/Users/umram-bt/Documents/rdf0195-vc707-bist-c-2015-1/vc707_bist/vc707_bist.srcs/sources_1/bd/system/ip/system_auto_us_0/system_auto_us_0_clocks.xdc] for cell 'system_i/axi_mem_intercon/s00_couplers/auto_us/inst'
Parsing XDC File [c:/Users/umram-bt/Documents/rdf0195-vc707-bist-c-2015-1/vc707_bist/vc707_bist.srcs/sources_1/bd/system/ip/system_auto_us_1/system_auto_us_1_clocks.xdc] for cell 'system_i/axi_mem_intercon/s01_couplers/auto_us/inst'
Finished Parsing XDC File [c:/Users/umram-bt/Documents/rdf0195-vc707-bist-c-2015-1/vc707_bist/vc707_bist.srcs/sources_1/bd/system/ip/system_auto_us_1/system_auto_us_1_clocks.xdc] for cell 'system_i/axi_mem_intercon/s01_couplers/auto_us/inst'
Parsing XDC File [c:/Users/umram-bt/Documents/rdf0195-vc707-bist-c-2015-1/vc707_bist/vc707_bist.srcs/sources_1/bd/system/ip/system_auto_us_2/system_auto_us_2_clocks.xdc] for cell 'system_i/axi_mem_intercon/s02_couplers/auto_us/inst'
Finished Parsing XDC File [c:/Users/umram-bt/Documents/rdf0195-vc707-bist-c-2015-1/vc707_bist/vc707_bist.srcs/sources_1/bd/system/ip/system_auto_us_2/system_auto_us_2_clocks.xdc] for cell 'system_i/axi_mem_intercon/s02_couplers/auto_us/inst'
Parsing XDC File [c:/Users/umram-bt/Documents/rdf0195-vc707-bist-c-2015-1/vc707_bist/vc707_bist.srcs/sources_1/bd/system/ip/system_auto_us_3/system_auto_us_3_clocks.xdc] for cell 'system_i/axi_mem_intercon/s03_couplers/auto_us/inst'
Finished Parsing XDC File [c:/Users/umram-bt/Documents/rdf0195-vc707-bist-c-2015-1/vc707_bist/vc707_bist.srcs/sources_1/bd/system/ip/system_auto_us_3/system_auto_us_3_clocks.xdc] for cell 'system_i/axi_mem_intercon/s03_couplers/auto_us/inst'
Parsing XDC File [c:/Users/umram-bt/Documents/rdf0195-vc707-bist-c-2015-1/vc707_bist/vc707_bist.srcs/sources_1/bd/system/ip/system_auto_us_4/system_auto_us_4_clocks.xdc] for cell 'system_i/axi_mem_intercon/s04_couplers/auto_us/inst'
Finished Parsing XDC File [c:/Users/umram-bt/Documents/rdf0195-vc707-bist-c-2015-1/vc707_bist/vc707_bist.srcs/sources_1/bd/system/ip/system_auto_us_4/system_auto_us_4_clocks.xdc] for cell 'system_i/axi_mem_intercon/s04_couplers/auto_us/inst'
INFO: [Opt 31-138] Pushed 0 inverter(s) to 0 load pin(s).
Generating merged BMM file for the design top 'system_wrapper'...
INFO: [Memdata 28-144] Successfully populated the BRAM INIT strings from the following elf files: c:/Users/umram-bt/Documents/rdf0195-vc707-bist-c-2015-1/vc707_bist/vc707_bist.srcs/sources_1/bd/system/ip/system_microblaze_0_0/data/mb_bootloop_le.elf 
INFO: [Project 1-111] Unisim Transformation Summary:
  A total of 731 instances were transformed.
  IOBUF => IOBUF (IBUF, OBUFT): 27 instances
  IOBUFDS_DIFF_OUT_DCIEN => IOBUFDS_DIFF_OUT_DCIEN (IBUFDS_IBUFDISABLE_INT, IBUFDS_IBUFDISABLE_INT, INV, OBUFTDS_DCIEN, OBUFTDS_DCIEN): 8 instances
  IOBUF_DCIEN => IOBUF_DCIEN (IBUF_IBUFDISABLE, OBUFT_DCIEN): 64 instances
  LUT6_2 => LUT6_2 (LUT5, LUT6): 64 instances
  OBUFDS => OBUFDS: 2 instances
  OBUFDS => OBUFDS_DUAL_BUF (INV, OBUFDS, OBUFDS): 1 instances
  RAM16X1D => RAM32X1D (RAMD32, RAMD32): 32 instances
  RAM32M => RAM32M (RAMD32, RAMD32, RAMD32, RAMD32, RAMD32, RAMD32, RAMS32, RAMS32): 460 instances
  RAM32X1D => RAM32X1D (RAMD32, RAMD32): 32 instances
  RAM64M => RAM64M (RAMD64E, RAMD64E, RAMD64E, RAMD64E): 32 instances
  RAM64X1D => RAM64X1D (RAMD64E, RAMD64E): 8 instances
  RAM64X1S => RAM64X1S (RAMS64E): 1 instances

open_run: Time (s): cpu = 00:02:11 ; elapsed = 00:02:31 . Memory (MB): peak = 2655.535 ; gain = 1066.176
exit
INFO: [Common 17-206] Exiting Vivado at Thu Jun 13 18:51:01 2019...
