14:55:43 INFO  : Registering command handlers for SDK TCF services
14:55:44 INFO  : Launching XSCT server: xsct.bat -interactive C:\Users\umram-bt\Documents\HomeComing\vc707_bist.sdk\temp_xsdb_launch_script.tcl
14:55:46 INFO  : XSCT server has started successfully.
14:55:46 INFO  : Successfully done setting XSCT server connection channel  
14:55:46 INFO  : Processing command line option -hwspec C:/Users/umram-bt/Documents/HomeComing/vc707_bist.sdk/system_wrapper.hdf.
14:55:46 INFO  : Successfully done setting SDK workspace  
14:57:31 INFO  : 'targets -set -filter {jtag_cable_name =~ "Platform Cable USB 00000000000000" && level==0} -index 0' command is executed.
14:57:31 INFO  : 'fpga -state' command is executed.
14:57:31 INFO  : Connected to target on host '127.0.0.1' and port '3121'.
14:57:32 INFO  : Jtag cable 'Platform Cable USB 00000000000000' is selected.
14:57:32 INFO  : 'jtag frequency' command is executed.
14:57:32 INFO  : Context for processor 'microblaze_0' is selected.
14:57:32 INFO  : Hardware design information is loaded from 'C:/Users/umram-bt/Documents/HomeComing/vc707_bist.sdk/system_wrapper_hw_platform_0/system.hdf'.
14:57:32 INFO  : Context for processor 'microblaze_0' is selected.
14:57:32 INFO  : Processor reset is completed for 'microblaze_0'.
14:57:32 INFO  : Context for processor 'microblaze_0' is selected.
14:57:37 INFO  : The application 'C:/Users/umram-bt/Documents/HomeComing/vc707_bist.sdk/not_robust/Debug/not_robust.elf' is downloaded to processor 'microblaze_0'.
14:57:37 INFO  : ----------------XSDB Script----------------
connect -url tcp:127.0.0.1:3121
targets -set -nocase -filter {name =~ "microblaze*#0" && bscan=="USER2"  && jtag_cable_name =~ "Platform Cable USB 00000000000000"} -index 0
loadhw C:/Users/umram-bt/Documents/HomeComing/vc707_bist.sdk/system_wrapper_hw_platform_0/system.hdf
targets -set -nocase -filter {name =~ "microblaze*#0" && bscan=="USER2"  && jtag_cable_name =~ "Platform Cable USB 00000000000000"} -index 0
rst -processor
targets -set -nocase -filter {name =~ "microblaze*#0" && bscan=="USER2"  && jtag_cable_name =~ "Platform Cable USB 00000000000000"} -index 0
dow C:/Users/umram-bt/Documents/HomeComing/vc707_bist.sdk/not_robust/Debug/not_robust.elf
----------------End of Script----------------

14:57:37 INFO  : Memory regions updated for context MicroBlaze #0
14:57:37 INFO  : Memory regions updated for context MicroBlaze #0
14:57:37 INFO  : Context for processor 'microblaze_0' is selected.
14:57:37 INFO  : 'con' command is executed.
14:57:37 INFO  : ----------------XSDB Script (After Launch)----------------
targets -set -nocase -filter {name =~ "microblaze*#0" && bscan=="USER2"  && jtag_cable_name =~ "Platform Cable USB 00000000000000"} -index 0
con
----------------End of Script----------------

14:57:37 INFO  : Launch script is exported to file 'C:\Users\umram-bt\Documents\HomeComing\vc707_bist.sdk\.sdk\launch_scripts\xilinx_c-c++_application_(system_debugger)\system_debugger_using_debug_not_robust.elf_on_local.tcl'
14:58:20 INFO  : Disconnected from the channel tcfchan#1.
14:58:21 INFO  : 'targets -set -filter {jtag_cable_name =~ "Platform Cable USB 00000000000000" && level==0} -index 0' command is executed.
14:58:21 INFO  : 'fpga -state' command is executed.
14:58:21 INFO  : Connected to target on host '127.0.0.1' and port '3121'.
14:58:21 INFO  : Jtag cable 'Platform Cable USB 00000000000000' is selected.
14:58:21 INFO  : 'jtag frequency' command is executed.
14:58:21 INFO  : Context for processor 'microblaze_0' is selected.
14:58:22 INFO  : Hardware design information is loaded from 'C:/Users/umram-bt/Documents/HomeComing/vc707_bist.sdk/system_wrapper_hw_platform_0/system.hdf'.
14:58:22 INFO  : Context for processor 'microblaze_0' is selected.
14:58:22 INFO  : Processor reset is completed for 'microblaze_0'.
14:58:22 INFO  : Context for processor 'microblaze_0' is selected.
14:58:26 INFO  : The application 'C:/Users/umram-bt/Documents/HomeComing/vc707_bist.sdk/not_robust/Debug/not_robust.elf' is downloaded to processor 'microblaze_0'.
14:58:26 INFO  : ----------------XSDB Script----------------
connect -url tcp:127.0.0.1:3121
targets -set -nocase -filter {name =~ "microblaze*#0" && bscan=="USER2"  && jtag_cable_name =~ "Platform Cable USB 00000000000000"} -index 0
loadhw C:/Users/umram-bt/Documents/HomeComing/vc707_bist.sdk/system_wrapper_hw_platform_0/system.hdf
targets -set -nocase -filter {name =~ "microblaze*#0" && bscan=="USER2"  && jtag_cable_name =~ "Platform Cable USB 00000000000000"} -index 0
rst -processor
targets -set -nocase -filter {name =~ "microblaze*#0" && bscan=="USER2"  && jtag_cable_name =~ "Platform Cable USB 00000000000000"} -index 0
dow C:/Users/umram-bt/Documents/HomeComing/vc707_bist.sdk/not_robust/Debug/not_robust.elf
----------------End of Script----------------

14:58:26 INFO  : Memory regions updated for context MicroBlaze #0
14:58:26 INFO  : Memory regions updated for context MicroBlaze #0
14:58:27 INFO  : Context for processor 'microblaze_0' is selected.
14:58:27 INFO  : 'con' command is executed.
14:58:27 INFO  : ----------------XSDB Script (After Launch)----------------
targets -set -nocase -filter {name =~ "microblaze*#0" && bscan=="USER2"  && jtag_cable_name =~ "Platform Cable USB 00000000000000"} -index 0
con
----------------End of Script----------------

14:58:27 INFO  : Launch script is exported to file 'C:\Users\umram-bt\Documents\HomeComing\vc707_bist.sdk\.sdk\launch_scripts\xilinx_c-c++_application_(system_debugger)\system_debugger_using_debug_not_robust.elf_on_local.tcl'
16:53:51 INFO  : Launching XSCT server: xsct.bat -interactive C:\Users\umram-bt\Documents\HomeComing\vc707_bist.sdk\temp_xsdb_launch_script.tcl
